Traceback (most recent call last):
  File "/Users/sergiosilveramurcia/Conda/miniconda3/envs/TM4/lib/python3.9/site-packages/jupyter_cache/executors/utils.py", line 58, in single_nb_execution
    executenb(
  File "/Users/sergiosilveramurcia/Conda/miniconda3/envs/TM4/lib/python3.9/site-packages/nbclient/client.py", line 1319, in execute
    return NotebookClient(nb=nb, resources=resources, km=km, **kwargs).execute()
  File "/Users/sergiosilveramurcia/Conda/miniconda3/envs/TM4/lib/python3.9/site-packages/jupyter_core/utils/__init__.py", line 165, in wrapped
    return loop.run_until_complete(inner)
  File "/Users/sergiosilveramurcia/Conda/miniconda3/envs/TM4/lib/python3.9/asyncio/base_events.py", line 647, in run_until_complete
    return future.result()
  File "/Users/sergiosilveramurcia/Conda/miniconda3/envs/TM4/lib/python3.9/site-packages/nbclient/client.py", line 709, in async_execute
    await self.async_execute_cell(
  File "/Users/sergiosilveramurcia/Conda/miniconda3/envs/TM4/lib/python3.9/site-packages/nbclient/client.py", line 1062, in async_execute_cell
    await self._check_raise_for_error(cell, cell_index, exec_reply)
  File "/Users/sergiosilveramurcia/Conda/miniconda3/envs/TM4/lib/python3.9/site-packages/nbclient/client.py", line 918, in _check_raise_for_error
    raise CellExecutionError.from_cell_and_msg(cell, exec_reply_content)
nbclient.exceptions.CellExecutionError: An error occurred while executing the following cell:
------------------
# ============================
# IMPORTS
# ============================
import os
import time
import joblib
import numpy as np
import pandas as pd
import matplotlib.pyplot as plt
import plotly.graph_objects as go
import random
import plotly.express as px

from tqdm import tqdm
from sklearn.pipeline import Pipeline
from sklearn.model_selection import StratifiedKFold, train_test_split
from sklearn.compose import ColumnTransformer
from sklearn.impute import SimpleImputer
from sklearn.preprocessing import OneHotEncoder, label_binarize, OrdinalEncoder, MinMaxScaler, LabelEncoder
from sklearn.utils.class_weight import compute_sample_weight
from sklearn.metrics import (
    f1_score, classification_report, confusion_matrix, ConfusionMatrixDisplay,
    accuracy_score, log_loss, roc_auc_score, roc_curve, auc
)

import optuna
from optuna.pruners import MedianPruner
import optuna.visualization as vis
import tensorflow as tf
from tensorflow.keras.metrics import AUC
from tensorflow.keras.layers import SimpleRNN

from tensorflow.keras.models import Sequential, load_model
from tensorflow.keras.layers import Input, Conv1D, GlobalMaxPooling1D, Dropout, Dense
from tensorflow.keras.utils import to_categorical
from tensorflow.keras.callbacks import EarlyStopping
from tensorflow.keras.metrics import AUC


from reporte_metricas import ReporteMetricas
reporte = ReporteMetricas()

import lime
import lime.lime_tabular

import pandas as pd
import numpy as np
import joblib
import os
import time
from tqdm import tqdm
from sklearn.model_selection import StratifiedKFold, train_test_split
from sklearn.metrics import f1_score, accuracy_score, log_loss, roc_auc_score, classification_report, confusion_matrix
from sklearn.preprocessing import LabelEncoder, OrdinalEncoder, OneHotEncoder, MinMaxScaler
from sklearn.impute import SimpleImputer
from sklearn.pipeline import Pipeline
from sklearn.compose import ColumnTransformer
from sklearn.utils.class_weight import compute_sample_weight
import optuna
from optuna.pruners import MedianPruner
from keras.models import Sequential, load_model
from keras.layers import Input, Dense, Dropout, LSTM
from keras.callbacks import EarlyStopping
from keras.utils import to_categorical
import matplotlib.pyplot as plt
import plotly.graph_objects as go
from sklearn.metrics import ConfusionMatrixDisplay

SEED = 42
random.seed(SEED)
np.random.seed(SEED)
optuna.logging.set_verbosity(optuna.logging.WARNING)
------------------


[0;31m---------------------------------------------------------------------------[0m
[0;31mModuleNotFoundError[0m                       Traceback (most recent call last)
Cell [0;32mIn[1], line 29[0m
[1;32m     27[0m [38;5;28;01mfrom[39;00m[38;5;250m [39m[38;5;21;01moptuna[39;00m[38;5;21;01m.[39;00m[38;5;21;01mpruners[39;00m[38;5;250m [39m[38;5;28;01mimport[39;00m MedianPruner
[1;32m     28[0m [38;5;28;01mimport[39;00m[38;5;250m [39m[38;5;21;01moptuna[39;00m[38;5;21;01m.[39;00m[38;5;21;01mvisualization[39;00m[38;5;250m [39m[38;5;28;01mas[39;00m[38;5;250m [39m[38;5;21;01mvis[39;00m
[0;32m---> 29[0m [38;5;28;01mimport[39;00m[38;5;250m [39m[38;5;21;01mtensorflow[39;00m[38;5;250m [39m[38;5;28;01mas[39;00m[38;5;250m [39m[38;5;21;01mtf[39;00m
[1;32m     30[0m [38;5;28;01mfrom[39;00m[38;5;250m [39m[38;5;21;01mtensorflow[39;00m[38;5;21;01m.[39;00m[38;5;21;01mkeras[39;00m[38;5;21;01m.[39;00m[38;5;21;01mmetrics[39;00m[38;5;250m [39m[38;5;28;01mimport[39;00m AUC
[1;32m     31[0m [38;5;28;01mfrom[39;00m[38;5;250m [39m[38;5;21;01mtensorflow[39;00m[38;5;21;01m.[39;00m[38;5;21;01mkeras[39;00m[38;5;21;01m.[39;00m[38;5;21;01mlayers[39;00m[38;5;250m [39m[38;5;28;01mimport[39;00m SimpleRNN

[0;31mModuleNotFoundError[0m: No module named 'tensorflow'

