Traceback (most recent call last):
  File "/home/ssilvera/Escritorio/Proyectos/Modelo_pagos/.venv/lib/python3.12/site-packages/jupyter_cache/executors/utils.py", line 58, in single_nb_execution
    executenb(
  File "/home/ssilvera/Escritorio/Proyectos/Modelo_pagos/.venv/lib/python3.12/site-packages/nbclient/client.py", line 1319, in execute
    return NotebookClient(nb=nb, resources=resources, km=km, **kwargs).execute()
           ^^^^^^^^^^^^^^^^^^^^^^^^^^^^^^^^^^^^^^^^^^^^^^^^^^^^^^^^^^^^^^^^^^^^^
  File "/home/ssilvera/Escritorio/Proyectos/Modelo_pagos/.venv/lib/python3.12/site-packages/jupyter_core/utils/__init__.py", line 165, in wrapped
    return loop.run_until_complete(inner)
           ^^^^^^^^^^^^^^^^^^^^^^^^^^^^^^
  File "/usr/lib/python3.12/asyncio/base_events.py", line 687, in run_until_complete
    return future.result()
           ^^^^^^^^^^^^^^^
  File "/home/ssilvera/Escritorio/Proyectos/Modelo_pagos/.venv/lib/python3.12/site-packages/nbclient/client.py", line 709, in async_execute
    await self.async_execute_cell(
  File "/home/ssilvera/Escritorio/Proyectos/Modelo_pagos/.venv/lib/python3.12/site-packages/nbclient/client.py", line 1062, in async_execute_cell
    await self._check_raise_for_error(cell, cell_index, exec_reply)
  File "/home/ssilvera/Escritorio/Proyectos/Modelo_pagos/.venv/lib/python3.12/site-packages/nbclient/client.py", line 918, in _check_raise_for_error
    raise CellExecutionError.from_cell_and_msg(cell, exec_reply_content)
nbclient.exceptions.CellExecutionError: An error occurred while executing the following cell:
------------------
# **Evaluación en el conjunto de prueba**
y_test_pred = xg_model_unbalaced.predict(X_test)

# Calcular F1-score, reporte de clasificación y matriz de confusión para `test`
f1_test = f1_score(y_test, y_test_pred, average="weighted")
print("\nTest Metrics:")
print(f"F1-Score (Test): {f1_test:.4f}")
print(classification_report(y_test, y_test_pred))


------------------


[0;31m---------------------------------------------------------------------------[0m
[0;31mNameError[0m                                 Traceback (most recent call last)
Cell [0;32mIn[4], line 2[0m
[1;32m      1[0m [38;5;66;03m# **Evaluación en el conjunto de prueba**[39;00m
[0;32m----> 2[0m y_test_pred [38;5;241m=[39m [43mxg_model_unbalaced[49m[38;5;241m.[39mpredict(X_test)
[1;32m      4[0m [38;5;66;03m# Calcular F1-score, reporte de clasificación y matriz de confusión para `test`[39;00m
[1;32m      5[0m f1_test [38;5;241m=[39m f1_score(y_test, y_test_pred, average[38;5;241m=[39m[38;5;124m"[39m[38;5;124mweighted[39m[38;5;124m"[39m)

[0;31mNameError[0m: name 'xg_model_unbalaced' is not defined

